# JRE version: OpenJDK Runtime Environment (11.0.11+9) (build 11.0.11+9-b60-7590822)
# Java VM: OpenJDK 64-Bit Server VM (11.0.11+9-b60-7590822, mixed mode, tiered, compressed oops, g1 gc, windows-amd64)
Heap:
 garbage-first heap   total 262144K, used 53720K [0x0000000080000000, 0x0000000100000000)
  region size 1024K, 24 young (24576K), 19 survivors (19456K)
 Metaspace       used 55474K, capacity 56840K, committed 57160K, reserved 1099776K
  class space    used 7038K, capacity 7535K, committed 7628K, reserved 1048576K
GC Heap History (16 events):
Event: 0.749 GC heap before
{Heap before GC invocations=0 (full 0):
 garbage-first heap   total 262144K, used 29696K [0x0000000080000000, 0x0000000100000000)
  region size 1024K, 24 young (24576K), 0 survivors (0K)
 Metaspace       used 10264K, capacity 10565K, committed 10624K, reserved 1058816K
  class space    used 1073K, capacity 1139K, committed 1152K, reserved 1048576K
}
Event: 0.756 GC heap after
{Heap after GC invocations=1 (full 0):
 garbage-first heap   total 262144K, used 9523K [0x0000000080000000, 0x0000000100000000)
  region size 1024K, 3 young (3072K), 3 survivors (3072K)
 Metaspace       used 10264K, capacity 10565K, committed 10624K, reserved 1058816K
  class space    used 1073K, capacity 1139K, committed 1152K, reserved 1048576K
}
Event: 1.033 GC heap before
{Heap before GC invocations=1 (full 0):
 garbage-first heap   total 262144K, used 23859K [0x0000000080000000, 0x0000000100000000)
  region size 1024K, 17 young (17408K), 3 survivors (3072K)
 Metaspace       used 11169K, capacity 11456K, committed 11520K, reserved 1058816K
  class space    used 1174K, capacity 1244K, committed 1280K, reserved 1048576K
}
Event: 1.036 GC heap after
{Heap after GC invocations=2 (full 0):
 garbage-first heap   total 262144K, used 9909K [0x0000000080000000, 0x0000000100000000)
  region size 1024K, 1 young (1024K), 1 survivors (1024K)
 Metaspace       used 11169K, capacity 11456K, committed 11520K, reserved 1058816K
  class space    used 1174K, capacity 1244K, committed 1280K, reserved 1048576K
}
Event: 3.510 GC heap before
{Heap before GC invocations=2 (full 0):
 garbage-first heap   total 262144K, used 58037K [0x0000000080000000, 0x0000000100000000)
  region size 1024K, 48 young (49152K), 1 survivors (1024K)
 Metaspace       used 16156K, capacity 16557K, committed 16640K, reserved 1064960K
  class space    used 1844K, capacity 1967K, committed 2048K, reserved 1048576K
}
Event: 3.516 GC heap after
{Heap after GC invocations=3 (full 0):
 garbage-first heap   total 262144K, used 15637K [0x0000000080000000, 0x0000000100000000)
  region size 1024K, 6 young (6144K), 6 survivors (6144K)
 Metaspace       used 16156K, capacity 16557K, committed 16640K, reserved 1064960K
  class space    used 1844K, capacity 1967K, committed 2048K, reserved 1048576K
}
Event: 3.971 GC heap before
{Heap before GC invocations=3 (full 0):
 garbage-first heap   total 262144K, used 51477K [0x0000000080000000, 0x0000000100000000)
  region size 1024K, 42 young (43008K), 6 survivors (6144K)
 Metaspace       used 20694K, capacity 21117K, committed 21296K, reserved 1069056K
  class space    used 2533K, capacity 2660K, committed 2688K, reserved 1048576K
}
Event: 3.982 GC heap after
{Heap after GC invocations=4 (full 0):
 garbage-first heap   total 262144K, used 16996K [0x0000000080000000, 0x0000000100000000)
  region size 1024K, 2 young (2048K), 2 survivors (2048K)
 Metaspace       used 20694K, capacity 21117K, committed 21296K, reserved 1069056K
  class space    used 2533K, capacity 2660K, committed 2688K, reserved 1048576K
}
Event: 4.808 GC heap before
{Heap before GC invocations=5 (full 0):
 garbage-first heap   total 262144K, used 90724K [0x0000000080000000, 0x0000000100000000)
  region size 1024K, 75 young (76800K), 2 survivors (2048K)
 Metaspace       used 27991K, capacity 28637K, committed 28720K, reserved 1075200K
  class space    used 3701K, capacity 3941K, committed 3968K, reserved 1048576K
}
Event: 4.814 GC heap after
{Heap after GC invocations=6 (full 0):
 garbage-first heap   total 262144K, used 19599K [0x0000000080000000, 0x0000000100000000)
  region size 1024K, 5 young (5120K), 5 survivors (5120K)
 Metaspace       used 27991K, capacity 28637K, committed 28720K, reserved 1075200K
  class space    used 3701K, capacity 3941K, committed 3968K, reserved 1048576K
}
Event: 5.660 GC heap before
{Heap before GC invocations=6 (full 0):
 garbage-first heap   total 262144K, used 56463K [0x0000000080000000, 0x0000000100000000)
  region size 1024K, 42 young (43008K), 5 survivors (5120K)
 Metaspace       used 34889K, capacity 35661K, committed 35708K, reserved 1081344K
  class space    used 4532K, capacity 4861K, committed 4864K, reserved 1048576K
}
Event: 5.670 GC heap after
{Heap after GC invocations=7 (full 0):
 garbage-first heap   total 262144K, used 22500K [0x0000000080000000, 0x0000000100000000)
  region size 1024K, 7 young (7168K), 7 survivors (7168K)
 Metaspace       used 34889K, capacity 35661K, committed 35708K, reserved 1081344K
  class space    used 4532K, capacity 4861K, committed 4864K, reserved 1048576K
}
Event: 7.341 GC heap before
{Heap before GC invocations=8 (full 0):
 garbage-first heap   total 262144K, used 149476K [0x0000000080000000, 0x0000000100000000)
  region size 1024K, 128 young (131072K), 7 survivors (7168K)
 Metaspace       used 45251K, capacity 46263K, committed 46280K, reserved 1089536K
  class space    used 5800K, capacity 6206K, committed 6220K, reserved 1048576K
}
Event: 7.358 GC heap after
{Heap after GC invocations=9 (full 0):
 garbage-first heap   total 262144K, used 29353K [0x0000000080000000, 0x0000000100000000)
  region size 1024K, 14 young (14336K), 14 survivors (14336K)
 Metaspace       used 45251K, capacity 46263K, committed 46280K, reserved 1089536K
  class space    used 5800K, capacity 6206K, committed 6220K, reserved 1048576K
}
Event: 8.897 GC heap before
{Heap before GC invocations=9 (full 0):
 garbage-first heap   total 262144K, used 172713K [0x0000000080000000, 0x0000000100000000)
  region size 1024K, 146 young (149504K), 14 survivors (14336K)
 Metaspace       used 54742K, capacity 56066K, committed 56264K, reserved 1097728K
  class space    used 6957K, capacity 7469K, committed 7500K, reserved 1048576K
}
Event: 8.922 GC heap after
{Heap after GC invocations=10 (full 0):
 garbage-first heap   total 262144K, used 49624K [0x0000000080000000, 0x0000000100000000)
  region size 1024K, 19 young (19456K), 19 survivors (19456K)
 Metaspace       used 54742K, capacity 56066K, committed 56264K, reserved 1097728K
  class space    used 6957K, capacity 7469K, committed 7500K, reserved 1048576K
}

