# JRE version: OpenJDK Runtime Environment (11.0.11+9) (build 11.0.11+9-b60-7590822)
# Java VM: OpenJDK 64-Bit Server VM (11.0.11+9-b60-7590822, mixed mode, tiered, compressed oops, g1 gc, windows-amd64)
Heap:
 garbage-first heap   total 378880K, used 164777K [0x0000000080000000, 0x0000000100000000)
  region size 1024K, 2 young (2048K), 2 survivors (2048K)
 Metaspace       used 110370K, capacity 112915K, committed 113008K, reserved 1146880K
  class space    used 14023K, capacity 15057K, committed 15092K, reserved 1048576K
GC Heap History (20 events):
Event: 19.459 GC heap after
{Heap after GC invocations=25 (full 0):
 garbage-first heap   total 315392K, used 163508K [0x0000000080000000, 0x0000000100000000)
  region size 1024K, 12 young (12288K), 12 survivors (12288K)
 Metaspace       used 104168K, capacity 106360K, committed 106736K, reserved 1142784K
  class space    used 13235K, capacity 14096K, committed 14196K, reserved 1048576K
}
Event: 19.884 GC heap before
{Heap before GC invocations=26 (full 0):
 garbage-first heap   total 315392K, used 241332K [0x0000000080000000, 0x0000000100000000)
  region size 1024K, 89 young (91136K), 12 survivors (12288K)
 Metaspace       used 106822K, capacity 109225K, committed 109296K, reserved 1144832K
  class space    used 13722K, capacity 14688K, committed 14708K, reserved 1048576K
}
Event: 19.910 GC heap after
{Heap after GC invocations=27 (full 0):
 garbage-first heap   total 315392K, used 175006K [0x0000000080000000, 0x0000000100000000)
  region size 1024K, 11 young (11264K), 11 survivors (11264K)
 Metaspace       used 106822K, capacity 109225K, committed 109296K, reserved 1144832K
  class space    used 13722K, capacity 14688K, committed 14708K, reserved 1048576K
}
Event: 19.942 GC heap before
{Heap before GC invocations=27 (full 0):
 garbage-first heap   total 315392K, used 179102K [0x0000000080000000, 0x0000000100000000)
  region size 1024K, 15 young (15360K), 11 survivors (11264K)
 Metaspace       used 106880K, capacity 109298K, committed 109552K, reserved 1144832K
  class space    used 13724K, capacity 14691K, committed 14708K, reserved 1048576K
}
Event: 19.957 GC heap after
{Heap after GC invocations=28 (full 0):
 garbage-first heap   total 315392K, used 169984K [0x0000000080000000, 0x0000000100000000)
  region size 1024K, 2 young (2048K), 2 survivors (2048K)
 Metaspace       used 106880K, capacity 109298K, committed 109552K, reserved 1144832K
  class space    used 13724K, capacity 14691K, committed 14708K, reserved 1048576K
}
Event: 20.466 GC heap before
{Heap before GC invocations=28 (full 0):
 garbage-first heap   total 315392K, used 247808K [0x0000000080000000, 0x0000000100000000)
  region size 1024K, 78 young (79872K), 2 survivors (2048K)
 Metaspace       used 108979K, capacity 111470K, committed 111728K, reserved 1146880K
  class space    used 13938K, capacity 14956K, committed 15092K, reserved 1048576K
}
Event: 20.475 GC heap after
{Heap after GC invocations=29 (full 0):
 garbage-first heap   total 315392K, used 169369K [0x0000000080000000, 0x0000000100000000)
  region size 1024K, 2 young (2048K), 2 survivors (2048K)
 Metaspace       used 108979K, capacity 111470K, committed 111728K, reserved 1146880K
  class space    used 13938K, capacity 14956K, committed 15092K, reserved 1048576K
}
Event: 21.193 GC heap before
{Heap before GC invocations=30 (full 0):
 garbage-first heap   total 315392K, used 249241K [0x0000000080000000, 0x0000000100000000)
  region size 1024K, 81 young (82944K), 2 survivors (2048K)
 Metaspace       used 109803K, capacity 112381K, committed 112496K, reserved 1146880K
  class space    used 14014K, capacity 15040K, committed 15092K, reserved 1048576K
}
Event: 21.200 GC heap after
{Heap after GC invocations=31 (full 0):
 garbage-first heap   total 315392K, used 170251K [0x0000000080000000, 0x0000000100000000)
  region size 1024K, 3 young (3072K), 3 survivors (3072K)
 Metaspace       used 109803K, capacity 112381K, committed 112496K, reserved 1146880K
  class space    used 14014K, capacity 15040K, committed 15092K, reserved 1048576K
}
Event: 21.257 GC heap before
{Heap before GC invocations=31 (full 0):
 garbage-first heap   total 315392K, used 182539K [0x0000000080000000, 0x0000000100000000)
  region size 1024K, 15 young (15360K), 3 survivors (3072K)
 Metaspace       used 109843K, capacity 112381K, committed 112496K, reserved 1146880K
  class space    used 14014K, capacity 15040K, committed 15092K, reserved 1048576K
}
Event: 21.261 GC heap after
{Heap after GC invocations=32 (full 0):
 garbage-first heap   total 315392K, used 164835K [0x0000000080000000, 0x0000000100000000)
  region size 1024K, 1 young (1024K), 1 survivors (1024K)
 Metaspace       used 109843K, capacity 112381K, committed 112496K, reserved 1146880K
  class space    used 14014K, capacity 15040K, committed 15092K, reserved 1048576K
}
Event: 21.512 GC heap before
{Heap before GC invocations=32 (full 0):
 garbage-first heap   total 315392K, used 250851K [0x0000000080000000, 0x0000000100000000)
  region size 1024K, 85 young (87040K), 1 survivors (1024K)
 Metaspace       used 109945K, capacity 112548K, committed 112752K, reserved 1146880K
  class space    used 14020K, capacity 15051K, committed 15092K, reserved 1048576K
}
Event: 21.515 GC heap after
{Heap after GC invocations=33 (full 0):
 garbage-first heap   total 315392K, used 165023K [0x0000000080000000, 0x0000000100000000)
  region size 1024K, 1 young (1024K), 1 survivors (1024K)
 Metaspace       used 109945K, capacity 112548K, committed 112752K, reserved 1146880K
  class space    used 14020K, capacity 15051K, committed 15092K, reserved 1048576K
}
Event: 22.054 GC heap before
{Heap before GC invocations=34 (full 0):
 garbage-first heap   total 315392K, used 255135K [0x0000000080000000, 0x0000000100000000)
  region size 1024K, 89 young (91136K), 1 survivors (1024K)
 Metaspace       used 110094K, capacity 112676K, committed 112752K, reserved 1146880K
  class space    used 14020K, capacity 15051K, committed 15092K, reserved 1048576K
}
Event: 22.060 GC heap after
{Heap after GC invocations=35 (full 0):
 garbage-first heap   total 315392K, used 165524K [0x0000000080000000, 0x0000000100000000)
  region size 1024K, 2 young (2048K), 2 survivors (2048K)
 Metaspace       used 110094K, capacity 112676K, committed 112752K, reserved 1146880K
  class space    used 14020K, capacity 15051K, committed 15092K, reserved 1048576K
}
Event: 22.102 GC heap before
{Heap before GC invocations=35 (full 0):
 garbage-first heap   total 315392K, used 178836K [0x0000000080000000, 0x0000000100000000)
  region size 1024K, 15 young (15360K), 2 survivors (2048K)
 Metaspace       used 110121K, capacity 112680K, committed 112752K, reserved 1146880K
  class space    used 14020K, capacity 15051K, committed 15092K, reserved 1048576K
}
Event: 22.108 GC heap after
{Heap after GC invocations=36 (full 0):
 garbage-first heap   total 315392K, used 164311K [0x0000000080000000, 0x0000000100000000)
  region size 1024K, 2 young (2048K), 2 survivors (2048K)
 Metaspace       used 110121K, capacity 112680K, committed 112752K, reserved 1146880K
  class space    used 14020K, capacity 15051K, committed 15092K, reserved 1048576K
}
Event: 22.390 GC heap before
{Heap before GC invocations=36 (full 0):
 garbage-first heap   total 315392K, used 258519K [0x0000000080000000, 0x0000000100000000)
  region size 1024K, 94 young (96256K), 2 survivors (2048K)
 Metaspace       used 110289K, capacity 112832K, committed 113008K, reserved 1146880K
  class space    used 14021K, capacity 15053K, committed 15092K, reserved 1048576K
}
Event: 22.395 GC heap after
{Heap after GC invocations=37 (full 0):
 garbage-first heap   total 315392K, used 164425K [0x0000000080000000, 0x0000000100000000)
  region size 1024K, 2 young (2048K), 2 survivors (2048K)
 Metaspace       used 110289K, capacity 112832K, committed 113008K, reserved 1146880K
  class space    used 14021K, capacity 15053K, committed 15092K, reserved 1048576K
}
Event: 22.787 GC heap before
{Heap before GC invocations=37 (full 0):
 garbage-first heap   total 315392K, used 261705K [0x0000000080000000, 0x0000000100000000)
  region size 1024K, 97 young (99328K), 2 survivors (2048K)
 Metaspace       used 110370K, capacity 112915K, committed 113008K, reserved 1146880K
  class space    used 14023K, capacity 15057K, committed 15092K, reserved 1048576K
}

