# JRE version: OpenJDK Runtime Environment (11.0.11+9) (build 11.0.11+9-b60-7590822)
# Java VM: OpenJDK 64-Bit Server VM (11.0.11+9-b60-7590822, mixed mode, tiered, compressed oops, g1 gc, windows-amd64)
Heap:
 garbage-first heap   total 448512K, used 187204K [0x0000000080000000, 0x0000000100000000)
  region size 1024K, 9 young (9216K), 9 survivors (9216K)
 Metaspace       used 117087K, capacity 119946K, committed 120188K, reserved 1153024K
  class space    used 14728K, capacity 15850K, committed 15872K, reserved 1048576K
GC Heap History (20 events):
Event: 27.723 GC heap after
{Heap after GC invocations=41 (full 0):
 garbage-first heap   total 378880K, used 181605K [0x0000000080000000, 0x0000000100000000)
  region size 1024K, 4 young (4096K), 4 survivors (4096K)
 Metaspace       used 116466K, capacity 119377K, committed 119420K, reserved 1153024K
  class space    used 14715K, capacity 15835K, committed 15872K, reserved 1048576K
}
Event: 27.971 GC heap before
{Heap before GC invocations=41 (full 0):
 garbage-first heap   total 378880K, used 307557K [0x0000000080000000, 0x0000000100000000)
  region size 1024K, 127 young (130048K), 4 survivors (4096K)
 Metaspace       used 116550K, capacity 119445K, committed 119676K, reserved 1153024K
  class space    used 14715K, capacity 15835K, committed 15872K, reserved 1048576K
}
Event: 27.980 GC heap after
{Heap after GC invocations=42 (full 0):
 garbage-first heap   total 378880K, used 182470K [0x0000000080000000, 0x0000000100000000)
  region size 1024K, 5 young (5120K), 5 survivors (5120K)
 Metaspace       used 116550K, capacity 119445K, committed 119676K, reserved 1153024K
  class space    used 14715K, capacity 15835K, committed 15872K, reserved 1048576K
}
Event: 28.263 GC heap before
{Heap before GC invocations=42 (full 0):
 garbage-first heap   total 378880K, used 311494K [0x0000000080000000, 0x0000000100000000)
  region size 1024K, 131 young (134144K), 5 survivors (5120K)
 Metaspace       used 116581K, capacity 119449K, committed 119676K, reserved 1153024K
  class space    used 14715K, capacity 15835K, committed 15872K, reserved 1048576K
}
Event: 28.274 GC heap after
{Heap after GC invocations=43 (full 0):
 garbage-first heap   total 378880K, used 183364K [0x0000000080000000, 0x0000000100000000)
  region size 1024K, 6 young (6144K), 6 survivors (6144K)
 Metaspace       used 116581K, capacity 119449K, committed 119676K, reserved 1153024K
  class space    used 14715K, capacity 15835K, committed 15872K, reserved 1048576K
}
Event: 28.518 GC heap before
{Heap before GC invocations=43 (full 0):
 garbage-first heap   total 378880K, used 315460K [0x0000000080000000, 0x0000000100000000)
  region size 1024K, 135 young (138240K), 6 survivors (6144K)
 Metaspace       used 116650K, capacity 119524K, committed 119676K, reserved 1153024K
  class space    used 14717K, capacity 15837K, committed 15872K, reserved 1048576K
}
Event: 28.528 GC heap after
{Heap after GC invocations=44 (full 0):
 garbage-first heap   total 378880K, used 183404K [0x0000000080000000, 0x0000000100000000)
  region size 1024K, 6 young (6144K), 6 survivors (6144K)
 Metaspace       used 116650K, capacity 119524K, committed 119676K, reserved 1153024K
  class space    used 14717K, capacity 15837K, committed 15872K, reserved 1048576K
}
Event: 28.771 GC heap before
{Heap before GC invocations=44 (full 0):
 garbage-first heap   total 378880K, used 319596K [0x0000000080000000, 0x0000000100000000)
  region size 1024K, 139 young (142336K), 6 survivors (6144K)
 Metaspace       used 116687K, capacity 119590K, committed 119676K, reserved 1153024K
  class space    used 14718K, capacity 15837K, committed 15872K, reserved 1048576K
}
Event: 28.781 GC heap after
{Heap after GC invocations=45 (full 0):
 garbage-first heap   total 378880K, used 183990K [0x0000000080000000, 0x0000000100000000)
  region size 1024K, 6 young (6144K), 6 survivors (6144K)
 Metaspace       used 116687K, capacity 119590K, committed 119676K, reserved 1153024K
  class space    used 14718K, capacity 15837K, committed 15872K, reserved 1048576K
}
Event: 29.037 GC heap before
{Heap before GC invocations=45 (full 0):
 garbage-first heap   total 378880K, used 323254K [0x0000000080000000, 0x0000000100000000)
  region size 1024K, 142 young (145408K), 6 survivors (6144K)
 Metaspace       used 116704K, capacity 119592K, committed 119676K, reserved 1153024K
  class space    used 14719K, capacity 15838K, committed 15872K, reserved 1048576K
}
Event: 29.048 GC heap after
{Heap after GC invocations=46 (full 0):
 garbage-first heap   total 378880K, used 184588K [0x0000000080000000, 0x0000000100000000)
  region size 1024K, 7 young (7168K), 7 survivors (7168K)
 Metaspace       used 116704K, capacity 119592K, committed 119676K, reserved 1153024K
  class space    used 14719K, capacity 15838K, committed 15872K, reserved 1048576K
}
Event: 29.358 GC heap before
{Heap before GC invocations=46 (full 0):
 garbage-first heap   total 378880K, used 324876K [0x0000000080000000, 0x0000000100000000)
  region size 1024K, 144 young (147456K), 7 survivors (7168K)
 Metaspace       used 116809K, capacity 119683K, committed 119932K, reserved 1153024K
  class space    used 14722K, capacity 15842K, committed 15872K, reserved 1048576K
}
Event: 29.370 GC heap after
{Heap after GC invocations=47 (full 0):
 garbage-first heap   total 378880K, used 185509K [0x0000000080000000, 0x0000000100000000)
  region size 1024K, 8 young (8192K), 8 survivors (8192K)
 Metaspace       used 116809K, capacity 119683K, committed 119932K, reserved 1153024K
  class space    used 14722K, capacity 15842K, committed 15872K, reserved 1048576K
}
Event: 29.647 GC heap before
{Heap before GC invocations=47 (full 0):
 garbage-first heap   total 378880K, used 327845K [0x0000000080000000, 0x0000000100000000)
  region size 1024K, 146 young (149504K), 8 survivors (8192K)
 Metaspace       used 117062K, capacity 119943K, committed 120188K, reserved 1153024K
  class space    used 14726K, capacity 15849K, committed 15872K, reserved 1048576K
}
Event: 29.661 GC heap after
{Heap after GC invocations=48 (full 0):
 garbage-first heap   total 378880K, used 185027K [0x0000000080000000, 0x0000000100000000)
  region size 1024K, 7 young (7168K), 7 survivors (7168K)
 Metaspace       used 117062K, capacity 119943K, committed 120188K, reserved 1153024K
  class space    used 14726K, capacity 15849K, committed 15872K, reserved 1048576K
}
Event: 29.963 GC heap before
{Heap before GC invocations=48 (full 0):
 garbage-first heap   total 378880K, used 328387K [0x0000000080000000, 0x0000000100000000)
  region size 1024K, 147 young (150528K), 7 survivors (7168K)
 Metaspace       used 117077K, capacity 119946K, committed 120188K, reserved 1153024K
  class space    used 14727K, capacity 15850K, committed 15872K, reserved 1048576K
}
Event: 29.975 GC heap after
{Heap after GC invocations=49 (full 0):
 garbage-first heap   total 378880K, used 185384K [0x0000000080000000, 0x0000000100000000)
  region size 1024K, 8 young (8192K), 8 survivors (8192K)
 Metaspace       used 117077K, capacity 119946K, committed 120188K, reserved 1153024K
  class space    used 14727K, capacity 15850K, committed 15872K, reserved 1048576K
}
Event: 30.217 GC heap before
{Heap before GC invocations=49 (full 0):
 garbage-first heap   total 378880K, used 328744K [0x0000000080000000, 0x0000000100000000)
  region size 1024K, 148 young (151552K), 8 survivors (8192K)
 Metaspace       used 117081K, capacity 119946K, committed 120188K, reserved 1153024K
  class space    used 14727K, capacity 15850K, committed 15872K, reserved 1048576K
}
Event: 30.230 GC heap after
{Heap after GC invocations=50 (full 0):
 garbage-first heap   total 378880K, used 186726K [0x0000000080000000, 0x0000000100000000)
  region size 1024K, 9 young (9216K), 9 survivors (9216K)
 Metaspace       used 117081K, capacity 119946K, committed 120188K, reserved 1153024K
  class space    used 14727K, capacity 15850K, committed 15872K, reserved 1048576K
}
Event: 30.467 GC heap before
{Heap before GC invocations=50 (full 0):
 garbage-first heap   total 378880K, used 330086K [0x0000000080000000, 0x0000000100000000)
  region size 1024K, 149 young (152576K), 9 survivors (9216K)
 Metaspace       used 117087K, capacity 119946K, committed 120188K, reserved 1153024K
  class space    used 14728K, capacity 15850K, committed 15872K, reserved 1048576K
}

