# JRE version: OpenJDK Runtime Environment (11.0.11+9) (build 11.0.11+9-b60-7590822)
# Java VM: OpenJDK 64-Bit Server VM (11.0.11+9-b60-7590822, mixed mode, tiered, compressed oops, g1 gc, windows-amd64)
Heap:
 garbage-first heap   total 411648K, used 160363K [0x0000000080000000, 0x0000000100000000)
  region size 1024K, 4 young (4096K), 4 survivors (4096K)
 Metaspace       used 104152K, capacity 106753K, committed 106940K, reserved 1142784K
  class space    used 13495K, capacity 14548K, committed 14656K, reserved 1048576K
GC Heap History (20 events):
Event: 21.249 GC heap after
{Heap after GC invocations=20 (full 0):
 garbage-first heap   total 262144K, used 121908K [0x0000000080000000, 0x0000000100000000)
  region size 1024K, 5 young (5120K), 5 survivors (5120K)
 Metaspace       used 102608K, capacity 105256K, committed 105532K, reserved 1140736K
  class space    used 13455K, capacity 14499K, committed 14528K, reserved 1048576K
}
Event: 21.580 GC heap before
{Heap before GC invocations=20 (full 0):
 garbage-first heap   total 262144K, used 207924K [0x0000000080000000, 0x0000000100000000)
  region size 1024K, 90 young (92160K), 5 survivors (5120K)
 Metaspace       used 102797K, capacity 105426K, committed 105532K, reserved 1140736K
  class space    used 13463K, capacity 14508K, committed 14528K, reserved 1048576K
}
Event: 21.597 GC heap after
{Heap after GC invocations=21 (full 0):
 garbage-first heap   total 262144K, used 130692K [0x0000000080000000, 0x0000000100000000)
  region size 1024K, 12 young (12288K), 12 survivors (12288K)
 Metaspace       used 102797K, capacity 105426K, committed 105532K, reserved 1140736K
  class space    used 13463K, capacity 14508K, committed 14528K, reserved 1048576K
}
Event: 21.822 GC heap before
{Heap before GC invocations=21 (full 0):
 garbage-first heap   total 262144K, used 209540K [0x0000000080000000, 0x0000000100000000)
  region size 1024K, 90 young (92160K), 12 survivors (12288K)
 Metaspace       used 102838K, capacity 105457K, committed 105532K, reserved 1140736K
  class space    used 13476K, capacity 14519K, committed 14528K, reserved 1048576K
}
Event: 21.900 GC heap after
{Heap after GC invocations=22 (full 0):
 garbage-first heap   total 262144K, used 138917K [0x0000000080000000, 0x0000000100000000)
  region size 1024K, 11 young (11264K), 11 survivors (11264K)
 Metaspace       used 102838K, capacity 105457K, committed 105532K, reserved 1140736K
  class space    used 13476K, capacity 14519K, committed 14528K, reserved 1048576K
}
Event: 22.494 GC heap before
{Heap before GC invocations=23 (full 0):
 garbage-first heap   total 262144K, used 211621K [0x0000000080000000, 0x0000000100000000)
  region size 1024K, 82 young (83968K), 11 survivors (11264K)
 Metaspace       used 103080K, capacity 105680K, committed 105788K, reserved 1140736K
  class space    used 13468K, capacity 14500K, committed 14528K, reserved 1048576K
}
Event: 22.513 GC heap after
{Heap after GC invocations=24 (full 0):
 garbage-first heap   total 262144K, used 143257K [0x0000000080000000, 0x0000000100000000)
  region size 1024K, 7 young (7168K), 7 survivors (7168K)
 Metaspace       used 103080K, capacity 105680K, committed 105788K, reserved 1140736K
  class space    used 13468K, capacity 14500K, committed 14528K, reserved 1048576K
}
Event: 22.738 GC heap before
{Heap before GC invocations=24 (full 0):
 garbage-first heap   total 262144K, used 211865K [0x0000000080000000, 0x0000000100000000)
  region size 1024K, 75 young (76800K), 7 survivors (7168K)
 Metaspace       used 103145K, capacity 105756K, committed 106044K, reserved 1140736K
  class space    used 13471K, capacity 14504K, committed 14528K, reserved 1048576K
}
Event: 22.757 GC heap after
{Heap after GC invocations=25 (full 0):
 garbage-first heap   total 343040K, used 146490K [0x0000000080000000, 0x0000000100000000)
  region size 1024K, 5 young (5120K), 5 survivors (5120K)
 Metaspace       used 103145K, capacity 105756K, committed 106044K, reserved 1140736K
  class space    used 13471K, capacity 14504K, committed 14528K, reserved 1048576K
}
Event: 23.318 GC heap before
{Heap before GC invocations=26 (full 0):
 garbage-first heap   total 343040K, used 255034K [0x0000000080000000, 0x0000000100000000)
  region size 1024K, 112 young (114688K), 5 survivors (5120K)
 Metaspace       used 103550K, capacity 106135K, committed 106428K, reserved 1140736K
  class space    used 13484K, capacity 14540K, committed 14656K, reserved 1048576K
}
Event: 23.334 GC heap after
{Heap after GC invocations=27 (full 0):
 garbage-first heap   total 343040K, used 151929K [0x0000000080000000, 0x0000000100000000)
  region size 1024K, 10 young (10240K), 10 survivors (10240K)
 Metaspace       used 103550K, capacity 106135K, committed 106428K, reserved 1140736K
  class space    used 13484K, capacity 14540K, committed 14656K, reserved 1048576K
}
Event: 23.612 GC heap before
{Heap before GC invocations=27 (full 0):
 garbage-first heap   total 343040K, used 262521K [0x0000000080000000, 0x0000000100000000)
  region size 1024K, 118 young (120832K), 10 survivors (10240K)
 Metaspace       used 103686K, capacity 106286K, committed 106428K, reserved 1140736K
  class space    used 13484K, capacity 14541K, committed 14656K, reserved 1048576K
}
Event: 23.631 GC heap after
{Heap after GC invocations=28 (full 0):
 garbage-first heap   total 343040K, used 157936K [0x0000000080000000, 0x0000000100000000)
  region size 1024K, 13 young (13312K), 13 survivors (13312K)
 Metaspace       used 103686K, capacity 106286K, committed 106428K, reserved 1140736K
  class space    used 13484K, capacity 14541K, committed 14656K, reserved 1048576K
}
Event: 23.975 GC heap before
{Heap before GC invocations=28 (full 0):
 garbage-first heap   total 343040K, used 266480K [0x0000000080000000, 0x0000000100000000)
  region size 1024K, 120 young (122880K), 13 survivors (13312K)
 Metaspace       used 103944K, capacity 106602K, committed 106940K, reserved 1142784K
  class space    used 13494K, capacity 14547K, committed 14656K, reserved 1048576K
}
Event: 23.992 GC heap after
{Heap after GC invocations=29 (full 0):
 garbage-first heap   total 343040K, used 159277K [0x0000000080000000, 0x0000000100000000)
  region size 1024K, 9 young (9216K), 9 survivors (9216K)
 Metaspace       used 103944K, capacity 106602K, committed 106940K, reserved 1142784K
  class space    used 13494K, capacity 14547K, committed 14656K, reserved 1048576K
}
Event: 24.365 GC heap before
{Heap before GC invocations=29 (full 0):
 garbage-first heap   total 343040K, used 272941K [0x0000000080000000, 0x0000000100000000)
  region size 1024K, 120 young (122880K), 9 survivors (9216K)
 Metaspace       used 103998K, capacity 106606K, committed 106940K, reserved 1142784K
  class space    used 13494K, capacity 14547K, committed 14656K, reserved 1048576K
}
Event: 24.378 GC heap after
{Heap after GC invocations=30 (full 0):
 garbage-first heap   total 343040K, used 160449K [0x0000000080000000, 0x0000000100000000)
  region size 1024K, 10 young (10240K), 10 survivors (10240K)
 Metaspace       used 103998K, capacity 106606K, committed 106940K, reserved 1142784K
  class space    used 13494K, capacity 14547K, committed 14656K, reserved 1048576K
}
Event: 24.656 GC heap before
{Heap before GC invocations=30 (full 0):
 garbage-first heap   total 343040K, used 277185K [0x0000000080000000, 0x0000000100000000)
  region size 1024K, 124 young (126976K), 10 survivors (10240K)
 Metaspace       used 104082K, capacity 106739K, committed 106940K, reserved 1142784K
  class space    used 13495K, capacity 14548K, committed 14656K, reserved 1048576K
}
Event: 24.668 GC heap after
{Heap after GC invocations=31 (full 0):
 garbage-first heap   total 343040K, used 160218K [0x0000000080000000, 0x0000000100000000)
  region size 1024K, 4 young (4096K), 4 survivors (4096K)
 Metaspace       used 104082K, capacity 106739K, committed 106940K, reserved 1142784K
  class space    used 13495K, capacity 14548K, committed 14656K, reserved 1048576K
}
Event: 24.988 GC heap before
{Heap before GC invocations=31 (full 0):
 garbage-first heap   total 343040K, used 282074K [0x0000000080000000, 0x0000000100000000)
  region size 1024K, 123 young (125952K), 4 survivors (4096K)
 Metaspace       used 104152K, capacity 106753K, committed 106940K, reserved 1142784K
  class space    used 13495K, capacity 14548K, committed 14656K, reserved 1048576K
}

