# JRE version: OpenJDK Runtime Environment (11.0.11+9) (build 11.0.11+9-b60-7590822)
# Java VM: OpenJDK 64-Bit Server VM (11.0.11+9-b60-7590822, mixed mode, tiered, compressed oops, g1 gc, windows-amd64)
Heap:
 garbage-first heap   total 315392K, used 186110K [0x0000000080000000, 0x0000000100000000)
  region size 1024K, 41 young (41984K), 13 survivors (13312K)
 Metaspace       used 99966K, capacity 102591K, committed 102640K, reserved 1138688K
  class space    used 13189K, capacity 14272K, committed 14284K, reserved 1048576K
GC Heap History (20 events):
Event: 11.164 GC heap before
{Heap before GC invocations=8 (full 0):
 garbage-first heap   total 262144K, used 87616K [0x0000000080000000, 0x0000000100000000)
  region size 1024K, 56 young (57344K), 18 survivors (18432K)
 Metaspace       used 58511K, capacity 59865K, committed 59940K, reserved 1101824K
  class space    used 7424K, capacity 7926K, committed 7936K, reserved 1048576K
}
Event: 11.192 GC heap after
{Heap after GC invocations=9 (full 0):
 garbage-first heap   total 262144K, used 52732K [0x0000000080000000, 0x0000000100000000)
  region size 1024K, 3 young (3072K), 3 survivors (3072K)
 Metaspace       used 58511K, capacity 59865K, committed 59940K, reserved 1101824K
  class space    used 7424K, capacity 7926K, committed 7936K, reserved 1048576K
}
Event: 12.566 GC heap before
{Heap before GC invocations=10 (full 0):
 garbage-first heap   total 262144K, used 161276K [0x0000000080000000, 0x0000000100000000)
  region size 1024K, 109 young (111616K), 3 survivors (3072K)
 Metaspace       used 67021K, capacity 68497K, committed 68848K, reserved 1110016K
  class space    used 8495K, capacity 9058K, committed 9164K, reserved 1048576K
}
Event: 12.582 GC heap after
{Heap after GC invocations=11 (full 0):
 garbage-first heap   total 262144K, used 58987K [0x0000000080000000, 0x0000000100000000)
  region size 1024K, 10 young (10240K), 10 survivors (10240K)
 Metaspace       used 67021K, capacity 68497K, committed 68848K, reserved 1110016K
  class space    used 8495K, capacity 9058K, committed 9164K, reserved 1048576K
}
Event: 14.276 GC heap before
{Heap before GC invocations=12 (full 0):
 garbage-first heap   total 262144K, used 170603K [0x0000000080000000, 0x0000000100000000)
  region size 1024K, 119 young (121856K), 10 survivors (10240K)
 Metaspace       used 76034K, capacity 77727K, committed 77936K, reserved 1116160K
  class space    used 9834K, capacity 10475K, committed 10572K, reserved 1048576K
}
Event: 14.297 GC heap after
{Heap after GC invocations=13 (full 0):
 garbage-first heap   total 262144K, used 66630K [0x0000000080000000, 0x0000000100000000)
  region size 1024K, 15 young (15360K), 15 survivors (15360K)
 Metaspace       used 76034K, capacity 77727K, committed 77936K, reserved 1116160K
  class space    used 9834K, capacity 10475K, committed 10572K, reserved 1048576K
}
Event: 16.189 GC heap before
{Heap before GC invocations=13 (full 0):
 garbage-first heap   total 262144K, used 179270K [0x0000000080000000, 0x0000000100000000)
  region size 1024K, 126 young (129024K), 15 survivors (15360K)
 Metaspace       used 84560K, capacity 86791K, committed 87024K, reserved 1124352K
  class space    used 11086K, capacity 11960K, committed 11980K, reserved 1048576K
}
Event: 16.211 GC heap after
{Heap after GC invocations=14 (full 0):
 garbage-first heap   total 262144K, used 74117K [0x0000000080000000, 0x0000000100000000)
  region size 1024K, 15 young (15360K), 15 survivors (15360K)
 Metaspace       used 84560K, capacity 86791K, committed 87024K, reserved 1124352K
  class space    used 11086K, capacity 11960K, committed 11980K, reserved 1048576K
}
Event: 17.451 GC heap before
{Heap before GC invocations=14 (full 0):
 garbage-first heap   total 262144K, used 186757K [0x0000000080000000, 0x0000000100000000)
  region size 1024K, 126 young (129024K), 15 survivors (15360K)
 Metaspace       used 88332K, capacity 90524K, committed 90864K, reserved 1128448K
  class space    used 11505K, capacity 12391K, committed 12492K, reserved 1048576K
}
Event: 17.472 GC heap after
{Heap after GC invocations=15 (full 0):
 garbage-first heap   total 262144K, used 81042K [0x0000000080000000, 0x0000000100000000)
  region size 1024K, 14 young (14336K), 14 survivors (14336K)
 Metaspace       used 88332K, capacity 90524K, committed 90864K, reserved 1128448K
  class space    used 11505K, capacity 12391K, committed 12492K, reserved 1048576K
}
Event: 18.384 GC heap before
{Heap before GC invocations=15 (full 0):
 garbage-first heap   total 262144K, used 195730K [0x0000000080000000, 0x0000000100000000)
  region size 1024K, 125 young (128000K), 14 survivors (14336K)
 Metaspace       used 91361K, capacity 93574K, committed 93680K, reserved 1130496K
  class space    used 11840K, capacity 12711K, committed 12748K, reserved 1048576K
}
Event: 18.414 GC heap after
{Heap after GC invocations=16 (full 0):
 garbage-first heap   total 262144K, used 96948K [0x0000000080000000, 0x0000000100000000)
  region size 1024K, 16 young (16384K), 16 survivors (16384K)
 Metaspace       used 91361K, capacity 93574K, committed 93680K, reserved 1130496K
  class space    used 11840K, capacity 12711K, committed 12748K, reserved 1048576K
}
Event: 18.954 GC heap before
{Heap before GC invocations=16 (full 0):
 garbage-first heap   total 262144K, used 196276K [0x0000000080000000, 0x0000000100000000)
  region size 1024K, 114 young (116736K), 16 survivors (16384K)
 Metaspace       used 95075K, capacity 97413K, committed 97648K, reserved 1134592K
  class space    used 12385K, capacity 13344K, committed 13388K, reserved 1048576K
}
Event: 18.988 GC heap after
{Heap after GC invocations=17 (full 0):
 garbage-first heap   total 262144K, used 113935K [0x0000000080000000, 0x0000000100000000)
  region size 1024K, 15 young (15360K), 15 survivors (15360K)
 Metaspace       used 95075K, capacity 97413K, committed 97648K, reserved 1134592K
  class space    used 12385K, capacity 13344K, committed 13388K, reserved 1048576K
}
Event: 19.193 GC heap before
{Heap before GC invocations=17 (full 0):
 garbage-first heap   total 262144K, used 197903K [0x0000000080000000, 0x0000000100000000)
  region size 1024K, 98 young (100352K), 15 survivors (15360K)
 Metaspace       used 96585K, capacity 99062K, committed 99184K, reserved 1134592K
  class space    used 12592K, capacity 13573K, committed 13644K, reserved 1048576K
}
Event: 19.236 GC heap after
{Heap after GC invocations=18 (full 0):
 garbage-first heap   total 262144K, used 127351K [0x0000000080000000, 0x0000000100000000)
  region size 1024K, 13 young (13312K), 13 survivors (13312K)
 Metaspace       used 96585K, capacity 99062K, committed 99184K, reserved 1134592K
  class space    used 12592K, capacity 13573K, committed 13644K, reserved 1048576K
}
Event: 19.433 GC heap before
{Heap before GC invocations=18 (full 0):
 garbage-first heap   total 262144K, used 202103K [0x0000000080000000, 0x0000000100000000)
  region size 1024K, 86 young (88064K), 13 survivors (13312K)
 Metaspace       used 97493K, capacity 100013K, committed 100080K, reserved 1136640K
  class space    used 12740K, capacity 13753K, committed 13772K, reserved 1048576K
}
Event: 19.470 GC heap after
{Heap after GC invocations=19 (full 0):
 garbage-first heap   total 315392K, used 142691K [0x0000000080000000, 0x0000000100000000)
  region size 1024K, 11 young (11264K), 11 survivors (11264K)
 Metaspace       used 97493K, capacity 100013K, committed 100080K, reserved 1136640K
  class space    used 12740K, capacity 13753K, committed 13772K, reserved 1048576K
}
Event: 19.717 GC heap before
{Heap before GC invocations=19 (full 0):
 garbage-first heap   total 315392K, used 230755K [0x0000000080000000, 0x0000000100000000)
  region size 1024K, 97 young (99328K), 11 survivors (11264K)
 Metaspace       used 99639K, capacity 102239K, committed 102384K, reserved 1138688K
  class space    used 13147K, capacity 14221K, committed 14284K, reserved 1048576K
}
Event: 19.750 GC heap after
{Heap after GC invocations=20 (full 0):
 garbage-first heap   total 315392K, used 158462K [0x0000000080000000, 0x0000000100000000)
  region size 1024K, 13 young (13312K), 13 survivors (13312K)
 Metaspace       used 99639K, capacity 102239K, committed 102384K, reserved 1138688K
  class space    used 13147K, capacity 14221K, committed 14284K, reserved 1048576K
}

